1:S#S1#(0,0)
2:S#S2#(0,0)
3:S#S3#(0,0)
4:H#h4#(2,4)
5:m1:(2,1)
6:m2:(2,3)
7:m3:(2,0)
8:m4:(2,2)
9:m5:(2,4)
10:m6:(2,1)
11:m7:(2,3)
12:m8:(2,0)
13:K#k3#(11,4)
14:m1:(11,0)
15:m2:(11,1)
16:S#s4#(0,1)
17:m1:(0,2)
18:m2:(1,2)
19:m3:(1,1)
20:m4:(1,0)
21:m5:(0,0)
22:m6:(11,0)
23:m7:(11,1)
1:S#S1#(0,0)
2:S#S2#(0,0)
3:S#S3#(0,0)
4:H#h4#(2,4)
5:m1:(2,1)
6:m2:(2,3)
7:m3:(2,0)
8:m4:(2,2)
9:m5:(2,4)
10:m6:(2,1)
11:m7:(2,3)
12:m8:(2,0)
13:K#k3#(11,4)
14:m1:(11,0)
15:m2:(11,1)
16:S#s4#(0,1)
17:m1:(0,2)
18:m2:(1,2)
19:m3:(1,1)
20:m4:(1,0)
21:m5:(0,0)
22:m6:(11,0)
23:m7:(11,1)
24:m8:(11,2)
25:m9:(11,3)
26:m10:(0,3)
27:m11:(1,3)
28:m12:(2,3)
29:m13:(2,2)
30:m14:(2,1)
31:m15:(2,0)
1:S#S1#(0,0)
2:S#S2#(0,0)
3:S#S3#(0,0)
1:H#h4#(2,4)
2:m1:(2,1)
3:m2:(2,3)
4:m3:(2,0)
5:m4:(2,2)
6:m5:(2,4)
7:m6:(2,1)
8:m7:(2,3)
9:m8:(2,0)
10:K#k3#(11,4)
11:m1:(11,0)
12:m2:(11,1)
13:S#s4#(0,1)
14:m1:(0,2)
15:m2:(1,2)
16:m3:(1,1)
17:m4:(1,0)
18:m5:(0,0)
19:m6:(11,0)
20:m7:(11,1)
21:m8:(11,2)
22:m9:(11,3)
23:m10:(0,3)
24:m11:(1,3)
25:m12:(2,3)
26:m13:(2,2)
27:m14:(2,1)
28:m15:(2,0)
1:H#h4#(2,4)
2:m1:(2,1)
3:m2:(2,3)
4:m3:(2,0)
5:m4:(2,2)
6:m5:(2,4)
7:m6:(2,1)
8:m7:(2,3)
9:m8:(2,0)
10:K#k3#(11,4)
11:m1:(11,0)
12:m2:(11,1)
13:S#s4#(0,1)
14:m1:(0,2)
15:m2:(1,2)
16:m3:(1,1)
17:m4:(1,0)
18:m5:(0,0)
19:m6:(11,0)
20:m7:(11,1)
1:H#h4#(2,4)
2:m1:(2,1)
3:m2:(2,3)
4:m3:(2,0)
5:m4:(2,2)
6:m5:(2,4)
7:m6:(2,1)
8:m7:(2,3)
9:m8:(2,0)
10:K#k3#(11,4)
11:m1:(11,0)
12:m2:(11,1)
13:S#s4#(10,1)
14:m1:(11,1)
15:m2:(11,0)
16:m3:(10,0)
17:m4:(9,0)
18:m5:(9,1)
19:m6:(9,2)
20:m7:(9,1)
21:m8:(9,0)
22:m9:(9,4)
23:m10:(8,4)
24:m11:(7,4)
25:m12:(6,4)
26:m13:(6,0)
1:H#h4#(2,4)
2:m1:(2,1)
3:m2:(2,3)
4:m3:(2,0)
5:m4:(2,2)
6:m5:(2,4)
7:m6:(2,1)
8:m7:(2,3)
9:m8:(2,0)
10:K#k3#(11,4)
11:m1:(11,0)
12:m2:(11,1)
13:S#s4#(0,1)
14:m1:(0,2)
15:m2:(1,2)
16:m3:(1,1)
17:m4:(1,0)
18:m5:(0,0)
19:m6:(11,0)
20:m7:(11,1)
1:H#h4#(2,4)
2:m1:(2,1)
3:m2:(2,3)
4:m3:(2,0)
5:m4:(2,2)
6:m5:(2,4)
7:m6:(2,1)
8:m7:(2,3)
9:m8:(2,0)
10:K#k3#(11,4)
11:m1:(11,0)
12:m2:(11,1)
13:S#s4#(0,1)
14:m1:(0,2)
15:m2:(1,2)
16:m3:(1,1)
17:m4:(1,0)
18:m5:(0,0)
19:m6:(11,0)
20:m7:(11,1)
21:H#h4#(2,0)
22:K#k3#(11,1)
23:H#h4#(2,0)
24:K#k3#(11,1)
1:H#h4#(2,4)
2:m1:(2,1)
3:m2:(2,3)
4:m3:(2,0)
5:m4:(2,2)
6:m5:(2,4)
7:m6:(2,1)
8:m7:(2,3)
9:m8:(2,0)
10:K#k3#(11,4)
11:m1:(11,0)
12:m2:(11,1)
13:S#s4#(0,1)
14:m1:(0,2)
15:m2:(1,2)
16:m3:(1,1)
17:m4:(1,0)
18:m5:(0,0)
19:m6:(11,0)
20:m7:(11,1)
21:H#h4#(2,0)
22:K#k3#(11,1)
23:H#h4#(2,0)
24:K#k3#(11,1)
25:H#h4#(2,0)
26:K#k3#(11,1)
27:H#h4#(2,0)
28:K#k3#(11,1)
1:H#h4#(2,4)
2:m1:(2,1)
3:m2:(2,3)
4:m3:(2,0)
5:m4:(2,2)
6:m5:(2,4)
7:m6:(2,1)
8:m7:(2,3)
9:m8:(2,0)
10:K#k3#(11,4)
11:m1:(11,0)
12:m2:(11,1)
13:S#s4#(0,1)
14:m1:(0,2)
15:m2:(1,2)
16:m3:(1,1)
17:m4:(1,0)
18:m5:(0,0)
19:m6:(11,0)
20:m7:(11,1)
21:m8:(11,2)
22:m9:(11,3)
23:m10:(0,3)
24:m11:(1,3)
25:m12:(2,3)
26:m13:(2,2)
27:m14:(2,1)
28:m15:(2,0)
1:H#h4#(2,4)
2:m1:(2,1)
3:m2:(2,3)
4:m3:(2,0)
5:m4:(2,2)
6:m5:(2,4)
7:m6:(2,1)
8:m7:(2,3)
9:m8:(2,0)
10:K#k3#(11,4)
11:m1:(11,0)
12:m2:(11,1)
13:S#s4#(0,1)
14:m1:(0,2)
15:m2:(1,2)
16:m3:(1,1)
17:m4:(1,0)
18:m5:(0,0)
19:m6:(11,0)
20:m7:(11,1)
21:m8:(11,2)
22:m9:(11,3)
23:m10:(0,3)
24:m11:(1,3)
25:m12:(2,3)
26:m13:(2,2)
27:m14:(2,1)
28:m15:(2,0)
29:S#s4#(2,0)
30:S#s4#(2,0)
31:S#s4#(2,0)
32:S#s4#(2,0)
33:S#s4#(2,0)
34:S#s4#(2,0)
35:S#s4#(2,0)
36:S#s4#(2,0)
37:S#s4#(2,0)
38:S#s4#(2,0)
39:S#s4#(2,0)
40:S#s4#(2,0)
41:S#s4#(2,0)
42:S#s4#(2,0)
43:S#s4#(2,0)
44:S#s4#(2,0)
45:S#s4#(2,0)
46:S#s4#(2,0)
47:S#s4#(2,0)
48:S#s4#(2,0)
49:S#s4#(2,0)
1:H#h4#(2,4)
2:m1:(2,1)
3:m2:(2,3)
4:m3:(2,0)
5:m4:(2,2)
6:m5:(2,4)
7:m6:(2,1)
8:m7:(2,3)
9:m8:(2,0)
10:K#k3#(11,4)
11:m1:(11,0)
12:m2:(11,1)
13:S#s4#(0,1)
14:m1:(0,2)
15:m2:(1,2)
16:m3:(1,1)
17:m4:(1,0)
18:m5:(0,0)
19:m6:(11,0)
20:m7:(11,1)
21:m8:(11,2)
22:m9:(11,3)
23:m10:(0,3)
24:m11:(1,3)
25:m12:(2,3)
26:m13:(2,2)
27:m14:(2,1)
28:m15:(2,0)
1:H#h4#(2,4)
2:m1:(2,1)
3:m2:(2,3)
4:m3:(2,0)
5:m4:(2,2)
6:m5:(2,4)
7:m6:(2,1)
8:m7:(2,3)
9:m8:(2,0)
10:K#k3#(11,4)
11:m1:(11,0)
12:m2:(11,1)
13:S#s4#(0,1)
14:m1:(0,2)
15:m2:(1,2)
16:m3:(1,1)
17:m4:(1,0)
18:m5:(0,0)
19:m6:(11,0)
20:m7:(11,1)
21:m8:(11,2)
22:m9:(11,3)
23:m10:(0,3)
24:m11:(1,3)
25:m12:(2,3)
26:m13:(2,2)
27:m14:(2,1)
28:m15:(2,0)
1:H#h4#(2,4)
2:m1:(2,1)
3:m2:(2,3)
4:m3:(2,0)
5:m4:(2,2)
6:m5:(2,4)
7:m6:(2,1)
8:m7:(2,3)
9:m8:(2,0)
10:K#k3#(11,4)
11:m1:(11,0)
12:m2:(11,1)
13:S#s4#(0,1)
14:m1:(0,2)
15:m2:(1,2)
16:m3:(1,1)
17:m4:(1,0)
18:m5:(0,0)
19:m6:(11,0)
20:m7:(11,1)
21:m8:(11,2)
22:m9:(11,3)
23:m10:(0,3)
24:m11:(1,3)
25:m12:(2,3)
26:m13:(2,2)
27:m14:(2,1)
28:m15:(2,0)
1:H#h4#(2,4)
2:m1:(2,1)
3:m2:(2,3)
4:m3:(2,0)
5:m4:(2,2)
6:m5:(2,4)
7:m6:(2,1)
8:m7:(2,3)
9:m8:(2,0)
1:H#h4#(2,4)
2:m1:(2,1)
3:m2:(2,3)
4:m3:(2,0)
5:m4:(2,2)
6:m5:(2,4)
7:m6:(2,1)
8:m7:(2,3)
9:m8:(2,0)
1:H#h4#(2,4)
2:m1:(2,1)
3:m2:(2,3)
4:m3:(2,0)
5:m4:(2,2)
6:m5:(2,4)
7:m6:(2,1)
8:m7:(2,3)
9:m8:(2,0)
1:H#h4#(2,4)
2:m1:(2,1)
3:m2:(2,3)
4:m3:(2,0)
5:m4:(2,2)
6:m5:(2,4)
7:m6:(2,1)
8:m7:(2,3)
9:m8:(2,0)
1:H#h4#(2,4)
2:m1:(2,1)
3:m2:(2,3)
4:m3:(2,0)
5:m4:(2,2)
6:m5:(2,4)
7:m6:(2,1)
8:m7:(2,3)
9:m8:(2,0)
10:K#k3#(11,4)
11:m1:(11,0)
12:m2:(11,1)
13:S#s4#(0,1)
14:m1:(0,2)
15:m2:(1,2)
16:m3:(1,1)
17:m4:(1,0)
18:m5:(0,0)
19:m6:(11,0)
20:m7:(10,1)
21:m8:(9,1)
22:m9:(8,1)
23:m10:(8,2)
24:m11:(8,3)
25:m12:(8,4)
26:m13:(9,4)
27:m14:(10,4)
1:H#h4#(2,4)
2:m1:(2,1)
3:m2:(2,3)
4:m3:(2,0)
5:m4:(2,2)
6:m5:(2,4)
7:m6:(2,1)
8:m7:(2,3)
9:m8:(2,0)
10:K#k3#(11,4)
11:m1:(11,0)
12:m2:(11,1)
13:S#s4#(0,1)
14:m1:(0,2)
15:m2:(1,2)
16:m3:(1,1)
17:m4:(1,0)
18:m5:(0,0)
19:m6:(11,0)
20:m7:(10,1)
21:m8:(9,1)
22:m9:(8,1)
23:m10:(8,2)
24:m11:(8,3)
25:m12:(8,4)
26:m13:(9,4)
27:m14:(10,4)
1:H#h4#(2,4)
2:m1:(2,1)
3:m2:(2,3)
4:m3:(2,0)
5:m4:(2,2)
6:m5:(2,4)
7:m6:(2,1)
8:m7:(2,3)
9:m8:(2,0)
10:K#k3#(11,4)
11:m1:(11,0)
12:m2:(11,1)
13:S#s4#(0,1)
14:m1:(0,2)
15:m2:(1,2)
16:m3:(1,1)
17:m4:(1,0)
18:m5:(0,0)
19:m6:(11,0)
20:m7:(10,1)
21:m8:(9,1)
22:m9:(8,1)
23:m10:(8,2)
24:m11:(8,3)
25:m12:(8,4)
26:m13:(9,4)
27:m14:(10,4)
1:H#h4#(2,4)
2:m1:(2,1)
3:m2:(2,3)
4:m3:(2,0)
5:m4:(2,2)
6:m5:(2,4)
7:m6:(2,1)
8:m7:(2,3)
9:m8:(2,0)
10:K#k3#(11,4)
11:m1:(11,0)
12:m2:(11,1)
13:S#s4#(0,1)
14:m1:(0,2)
15:m2:(1,2)
16:m3:(1,1)
17:m4:(1,0)
18:m5:(0,0)
19:m6:(11,0)
20:m7:(10,1)
21:m8:(9,1)
22:m9:(8,1)
23:m10:(8,2)
24:m11:(8,3)
25:m12:(8,4)
26:m13:(9,4)
27:m14:(10,4)
1:H#h4#(2,4)
2:m1:(2,1)
3:m2:(2,3)
4:m3:(2,0)
5:m4:(2,2)
6:m5:(2,4)
7:m6:(2,1)
8:m7:(2,3)
9:m8:(2,0)
10:K#k3#(11,4)
11:m1:(11,0)
12:m2:(11,1)
13:S#s4#(0,1)
14:m1:(0,2)
15:m2:(1,2)
16:m3:(1,1)
17:m4:(1,0)
18:m5:(0,0)
19:m6:(11,0)
20:m7:(11,1)
21:m8:(11,2)
22:m9:(11,3)
23:m10:(0,3)
24:m11:(1,3)
25:m12:(2,3)
26:m13:(2,2)
27:m14:(2,1)
28:m15:(2,0)
1:H#h4#(2,4)
2:m1:(2,1)
3:m2:(2,3)
4:m3:(2,0)
5:m4:(2,2)
6:m5:(2,4)
7:m6:(2,1)
8:m7:(2,3)
9:m8:(2,0)
10:K#k3#(11,4)
11:m1:(11,0)
12:m2:(11,1)
13:S#s4#(0,1)
14:m1:(0,2)
15:m2:(1,2)
16:m3:(1,1)
17:m4:(1,0)
18:m5:(0,0)
19:m6:(11,0)
20:m7:(11,1)
21:m8:(11,2)
22:m9:(11,3)
23:m10:(0,3)
24:m11:(1,3)
25:m12:(2,3)
26:m13:(2,2)
27:m14:(2,1)
28:m15:(2,0)
29:S#s4#(2,0)
1:H#h4#(2,4)
2:m1:(2,1)
3:m2:(2,3)
4:m3:(2,0)
5:m4:(2,2)
6:m5:(2,4)
7:m6:(2,1)
8:m7:(2,3)
9:m8:(2,0)
10:K#k3#(11,4)
11:m1:(11,0)
12:m2:(11,1)
13:S#s4#(0,1)
14:m1:(0,2)
15:m2:(1,2)
16:m3:(1,1)
17:m4:(1,0)
18:m5:(0,0)
19:m6:(11,0)
20:m7:(11,1)
21:m8:(11,2)
22:m9:(11,3)
23:m10:(0,3)
24:m11:(1,3)
25:m12:(2,3)
26:m13:(2,2)
27:m14:(2,1)
28:m15:(2,0)
1:H#h4#(2,4)
2:m1:(2,1)
3:m2:(2,3)
4:m3:(2,0)
5:m4:(2,2)
6:m5:(2,4)
7:m6:(2,1)
8:m7:(2,3)
9:m8:(2,0)
10:K#k3#(11,4)
11:m1:(11,0)
12:m2:(11,1)
13:S#s4#(0,1)
14:m1:(0,2)
15:m2:(1,2)
16:m3:(1,1)
17:m4:(1,0)
18:m5:(0,0)
19:m6:(11,0)
20:m7:(11,1)
21:m8:(11,2)
22:m9:(11,3)
23:m10:(0,3)
24:m11:(1,3)
25:m12:(2,3)
26:m13:(2,2)
27:m14:(2,1)
28:m15:(2,0)
1:H#h4#(2,4)
2:m1:(2,1)
3:m2:(2,3)
4:m3:(2,0)
5:m4:(2,2)
6:m5:(2,4)
7:m6:(2,1)
8:m7:(2,3)
9:m8:(2,0)
10:K#k3#(11,4)
11:m1:(11,0)
12:m2:(11,1)
13:S#s4#(0,1)
14:m1:(0,2)
15:m2:(1,2)
16:m3:(1,1)
17:m4:(1,0)
18:m5:(0,0)
19:m6:(11,0)
20:m7:(11,1)
21:m8:(11,2)
22:m9:(11,3)
23:m10:(0,3)
24:m11:(1,3)
25:m12:(2,3)
26:m13:(2,2)
27:m14:(2,1)
28:m15:(2,0)
1:H#h4#(2,4)
2:m1:(2,1)
3:m2:(2,3)
4:m3:(2,0)
5:m4:(2,2)
6:m5:(2,4)
7:m6:(2,1)
8:m7:(2,3)
9:m8:(2,0)
10:K#k3#(11,4)
11:m1:(11,0)
12:m2:(11,1)
13:S#s4#(0,1)
14:m1:(0,2)
15:m2:(1,2)
16:m3:(1,1)
17:m4:(1,0)
18:m5:(0,0)
19:m6:(11,0)
20:m7:(11,1)
21:m8:(11,2)
22:m9:(11,3)
23:m10:(0,3)
24:m11:(1,3)
25:m12:(2,3)
26:m13:(2,2)
27:m14:(2,1)
28:m15:(2,0)
1:H#h4#(2,4)
2:m1:(2,1)
3:m2:(2,3)
4:m3:(2,0)
5:m4:(2,2)
6:m5:(2,4)
7:m6:(2,1)
8:m7:(2,3)
9:m8:(2,0)
10:K#k3#(11,4)
11:m1:(11,0)
12:m2:(11,1)
13:S#s4#(0,1)
14:m1:(0,2)
15:m2:(1,2)
16:m3:(1,1)
17:m4:(1,0)
18:m5:(0,0)
19:m6:(11,0)
20:m7:(11,1)
21:m8:(11,2)
22:m9:(11,3)
23:m10:(0,3)
24:m11:(1,3)
25:m12:(2,3)
26:m13:(2,2)
27:m14:(2,1)
28:m15:(2,0)
1:H#h4#(2,4)
2:m1:(2,1)
3:m2:(2,3)
4:m3:(2,0)
5:m4:(2,2)
6:m5:(2,4)
7:m6:(2,1)
8:m7:(2,3)
9:m8:(2,0)
10:K#k3#(11,4)
11:m1:(11,0)
12:m2:(11,1)
13:S#s4#(0,1)
14:m1:(0,2)
15:m2:(1,2)
16:m3:(1,1)
17:m4:(1,0)
18:m5:(0,0)
19:m6:(11,0)
20:m7:(11,1)
21:m8:(11,2)
22:m9:(11,3)
23:m10:(0,3)
24:m11:(1,3)
25:m12:(2,3)
26:m13:(2,2)
27:m14:(2,1)
28:m15:(2,0)
1:H#h4#(2,4)
2:m1:(2,1)
3:m2:(2,3)
4:m3:(2,0)
5:m4:(2,2)
6:m5:(2,4)
7:m6:(2,1)
8:m7:(2,3)
9:m8:(2,0)
10:K#k3#(11,4)
11:m1:(11,0)
12:m2:(11,1)
13:S#s4#(0,1)
14:m1:(0,2)
15:m2:(1,2)
16:m3:(1,1)
17:m4:(1,0)
18:m5:(0,0)
19:m6:(11,0)
20:m7:(11,1)
21:m8:(11,2)
22:m9:(11,3)
23:m10:(0,3)
24:m11:(1,3)
25:m12:(2,3)
26:m13:(2,2)
27:m14:(2,1)
28:m15:(2,0)
1:H#h4#(2,4)
2:m1:(2,1)
3:m2:(2,3)
4:m3:(2,0)
5:m4:(2,2)
6:m5:(2,4)
7:m6:(2,1)
8:m7:(2,3)
9:m8:(2,0)
10:K#k3#(11,4)
11:m1:(11,0)
12:m2:(11,1)
13:S#s4#(0,1)
14:m1:(0,2)
15:m2:(1,2)
16:m3:(1,1)
17:m4:(1,0)
18:m5:(0,0)
19:m6:(11,0)
20:m7:(11,1)
21:m8:(11,2)
22:m9:(11,3)
23:m10:(0,3)
24:m11:(1,3)
25:m12:(2,3)
26:m13:(2,2)
27:m14:(2,1)
28:m15:(2,0)
1:H#h4#(2,4)
2:m1:(2,1)
3:m2:(2,3)
4:m3:(2,0)
5:m4:(2,2)
6:m5:(2,4)
7:m6:(2,1)
8:m7:(2,3)
9:m8:(2,0)
10:K#k3#(11,4)
11:m1:(11,0)
12:m2:(11,1)
13:S#s4#(0,1)
14:m1:(0,2)
15:m2:(1,2)
16:m3:(1,1)
17:m4:(1,0)
18:m5:(0,0)
19:m6:(11,0)
20:m7:(11,1)
21:m8:(11,2)
22:m9:(11,3)
23:m10:(0,3)
24:m11:(1,3)
25:m12:(2,3)
26:m13:(2,2)
27:m14:(2,1)
28:m15:(2,0)
1:H#h4#(2,4)
2:m1:(2,1)
3:m2:(2,3)
4:m3:(2,0)
5:m4:(2,2)
6:m5:(2,4)
7:m6:(2,1)
8:m7:(2,3)
9:m8:(2,0)
10:K#k3#(11,4)
11:m1:(11,0)
12:m2:(11,1)
13:S#s4#(0,1)
14:m1:(0,2)
15:m2:(1,2)
16:m3:(1,1)
17:m4:(1,0)
18:m5:(0,0)
19:m6:(11,0)
20:m7:(11,1)
21:m8:(11,2)
22:m9:(11,3)
23:m10:(0,3)
24:m11:(1,3)
25:m12:(2,3)
26:m13:(2,2)
27:m14:(2,1)
28:m15:(2,0)
1:H#h4#(2,4)
2:m1:(2,1)
3:m2:(2,3)
4:m3:(2,0)
5:m4:(2,2)
6:m5:(2,4)
7:m6:(2,1)
8:m7:(2,3)
9:m8:(2,0)
10:K#k3#(11,4)
11:m1:(11,0)
12:m2:(11,1)
13:S#s4#(0,1)
14:m1:(0,2)
15:m2:(1,2)
16:m3:(1,1)
17:m4:(1,0)
18:m5:(0,0)
19:m6:(11,0)
20:m7:(11,1)
21:m8:(11,2)
22:m9:(11,3)
23:m10:(0,3)
24:m11:(1,3)
25:m12:(2,3)
26:m13:(2,2)
27:m14:(2,1)
28:m15:(2,0)
1:H#h4#(2,4)
2:m1:(2,1)
3:m2:(2,3)
4:m3:(2,0)
5:m4:(2,2)
6:m5:(2,4)
7:m6:(2,1)
8:m7:(2,3)
9:m8:(2,0)
10:K#k3#(11,4)
11:m1:(11,0)
12:m2:(11,1)
13:S#s4#(0,1)
14:m1:(0,2)
15:m2:(1,2)
16:m3:(1,1)
17:m4:(1,0)
18:m5:(0,0)
19:m6:(11,0)
20:m7:(11,1)
21:m8:(11,2)
22:m9:(11,3)
23:m10:(0,3)
24:m11:(1,3)
25:m12:(2,3)
26:m13:(2,2)
27:m14:(2,1)
28:m15:(2,0)
1:H#h4#(2,4)
2:m1:(2,1)
3:m2:(2,3)
4:m3:(2,0)
5:m4:(2,2)
6:m5:(2,4)
7:m6:(2,1)
8:m7:(2,3)
9:m8:(2,0)
10:K#k3#(11,4)
11:m1:(11,0)
12:m2:(11,1)
13:S#s4#(0,1)
14:m1:(0,2)
15:m2:(1,2)
16:m3:(1,1)
17:m4:(1,0)
18:m5:(0,0)
19:m6:(11,0)
20:m7:(11,1)
21:m8:(11,2)
22:m9:(11,3)
23:m10:(0,3)
24:m11:(1,3)
25:m12:(2,3)
26:m13:(2,2)
27:m14:(2,1)
28:m15:(2,0)
1:H#h4#(2,4)
2:m1:(2,1)
3:m2:(2,3)
4:m3:(2,0)
5:m4:(2,2)
6:m5:(2,4)
7:m6:(2,1)
8:m7:(2,3)
9:m8:(2,0)
10:K#k3#(11,4)
11:m1:(11,0)
12:m2:(11,1)
13:S#s4#(0,1)
14:m1:(0,2)
15:m2:(1,2)
16:m3:(1,1)
17:m4:(1,0)
18:m5:(0,0)
19:m6:(11,0)
20:m7:(11,1)
21:m8:(11,2)
22:m9:(11,3)
23:m10:(0,3)
24:m11:(1,3)
25:m12:(2,3)
26:m13:(2,2)
27:m14:(2,1)
28:m15:(2,0)
1:H#h4#(2,4)
2:m1:(2,1)
3:m2:(2,3)
4:m3:(2,0)
5:m4:(2,2)
6:m5:(2,4)
7:m6:(2,1)
8:m7:(2,3)
9:m8:(2,0)
10:K#k3#(11,4)
11:m1:(11,0)
12:m2:(11,1)
13:S#s4#(0,1)
14:m1:(0,2)
15:m2:(1,2)
16:m3:(1,1)
17:m4:(1,0)
18:m5:(0,0)
19:m6:(11,0)
20:m7:(11,1)
21:m8:(11,2)
22:m9:(11,3)
23:m10:(0,3)
24:m11:(1,3)
25:m12:(2,3)
26:m13:(2,2)
27:m14:(2,1)
28:m15:(2,0)
1:H#h4#(2,4)
2:m1:(2,1)
3:m2:(2,3)
4:m3:(2,0)
5:m4:(2,2)
6:m5:(2,4)
7:m6:(2,1)
8:m7:(2,3)
9:m8:(2,0)
10:K#k3#(11,4)
11:m1:(11,0)
12:m2:(11,1)
13:S#s4#(0,1)
14:m1:(0,2)
15:m2:(1,2)
16:m3:(1,1)
17:m4:(1,0)
18:m5:(0,0)
19:m6:(11,0)
20:m7:(11,1)
21:m8:(11,2)
22:m9:(11,3)
23:m10:(0,3)
24:m11:(1,3)
25:m12:(2,3)
26:m13:(2,2)
27:m14:(2,1)
28:m15:(2,0)
1:H#h4#(2,4)
2:m1:(2,1)
3:m2:(2,3)
4:m3:(2,0)
5:m4:(2,2)
6:m5:(2,4)
7:m6:(2,1)
8:m7:(2,3)
9:m8:(2,0)
10:K#k3#(11,4)
11:m1:(11,0)
12:m2:(11,1)
13:S#s4#(10,1)
14:m1:(11,1)
15:m2:(11,0)
16:m3:(10,0)
17:m4:(9,0)
18:m5:(9,1)
19:m6:(9,2)
20:m7:(9,1)
21:m8:(9,0)
22:m9:(9,4)
23:m10:(8,4)
24:m11:(7,4)
25:m12:(6,4)
26:m13:(6,0)
27:m14:(6,1)
28:m15:(6,2)
1:H#h4#(2,4)
2:m1:(2,1)
3:m2:(2,3)
4:m3:(2,0)
5:m4:(2,2)
6:m5:(2,4)
7:m6:(2,1)
8:m7:(2,3)
9:m8:(2,0)
10:K#k3#(11,4)
11:m1:(11,0)
12:m2:(11,1)
13:S#s4#(0,1)
14:m1:(0,2)
15:m2:(1,2)
16:m3:(1,1)
17:m4:(1,0)
18:m5:(0,0)
19:m6:(11,0)
20:m7:(11,1)
21:m8:(11,2)
22:m9:(11,3)
23:m10:(0,3)
24:m11:(1,3)
25:m12:(2,3)
26:m13:(2,2)
27:m14:(2,1)
28:m15:(2,0)
1:H#h4#(2,4)
2:m1:(2,1)
3:m2:(2,3)
4:m3:(2,0)
5:m4:(2,2)
6:m5:(2,4)
7:m6:(2,1)
8:m7:(2,3)
9:m8:(2,0)
10:K#k3#(11,4)
11:m1:(11,0)
12:m2:(11,1)
13:S#s4#(0,1)
14:m1:(0,2)
15:m2:(1,2)
16:m3:(1,1)
17:m4:(1,0)
18:m5:(0,0)
19:m6:(11,0)
20:m7:(11,1)
21:m8:(11,2)
22:m9:(11,3)
23:m10:(0,3)
24:m11:(1,3)
25:m12:(2,3)
26:m13:(2,2)
27:m14:(2,1)
28:m15:(2,0)
1:H#h4#(2,4)
2:m1:(2,1)
3:m2:(2,3)
4:m3:(2,0)
5:m4:(2,2)
6:m5:(2,4)
7:m6:(2,1)
8:m7:(2,3)
9:m8:(2,0)
10:K#k3#(11,4)
11:m1:(11,0)
12:m2:(11,1)
13:S#s4#(0,1)
14:m1:(0,2)
15:m2:(1,2)
16:m3:(1,1)
17:m4:(1,0)
18:m5:(0,0)
19:m6:(11,0)
20:m7:(11,1)
1:H#h4#(2,4)
2:m1:(2,1)
3:m2:(2,3)
4:m3:(2,0)
5:m4:(2,2)
6:m5:(2,4)
7:m6:(2,1)
8:m7:(2,3)
9:m8:(2,0)
10:K#k3#(11,4)
11:m1:(11,0)
12:m2:(11,1)
13:S#s4#(0,1)
14:m1:(0,2)
15:m2:(1,2)
16:m3:(1,1)
17:m4:(1,0)
18:m5:(0,0)
19:m6:(11,0)
20:m7:(11,1)
21:m8:(11,2)
22:m9:(11,3)
23:m10:(0,3)
24:m11:(1,3)
25:m12:(2,3)
26:m13:(2,2)
27:m14:(2,1)
28:m15:(2,0)
1:H#h4#(2,4)
2:m1:(2,1)
3:m2:(2,3)
4:m3:(2,0)
5:m4:(2,2)
6:m5:(2,4)
7:m6:(2,1)
8:m7:(2,3)
9:m8:(2,0)
10:K#k3#(11,4)
11:m1:(11,0)
12:m2:(11,1)
13:S#s4#(0,1)
14:m1:(0,2)
15:m2:(1,2)
16:m3:(1,1)
17:m4:(1,0)
18:m5:(0,0)
19:m6:(11,0)
20:m7:(11,1)
21:m8:(11,2)
22:m9:(11,3)
23:m10:(0,3)
24:m11:(1,3)
25:m12:(2,3)
26:m13:(2,2)
27:m14:(2,1)
28:m15:(2,0)
1:H#h4#(2,4)
2:m1:(2,1)
3:m2:(2,3)
4:m3:(2,0)
5:m4:(2,2)
6:m5:(2,4)
7:m6:(2,1)
8:m7:(2,3)
9:m8:(2,0)
10:K#k3#(11,4)
11:m1:(11,0)
12:m2:(11,1)
13:S#s4#(0,1)
14:m1:(0,2)
15:m2:(1,2)
16:m3:(1,1)
17:m4:(1,0)
18:m5:(0,0)
19:m6:(11,0)
20:m7:(11,1)
21:m8:(11,2)
22:m9:(11,3)
23:m10:(0,3)
24:m11:(1,3)
25:m12:(2,3)
26:m13:(2,2)
27:m14:(2,1)
28:m15:(2,0)
1:H#h4#(2,4)
2:m1:(2,1)
3:m2:(2,3)
4:m3:(2,0)
5:m4:(2,2)
6:m5:(2,4)
7:m6:(2,1)
8:m7:(2,3)
9:m8:(2,0)
10:K#k3#(11,4)
11:m1:(11,0)
12:m2:(11,1)
13:S#s4#(0,1)
14:m1:(0,2)
15:m2:(1,2)
16:m3:(1,1)
17:m4:(1,0)
18:m5:(0,0)
19:m6:(11,0)
20:m7:(11,1)
21:m8:(11,2)
22:m9:(11,3)
23:m10:(0,3)
24:m11:(1,3)
25:m12:(2,3)
26:m13:(2,2)
27:m14:(2,1)
28:m15:(2,0)
1:H#h4#(2,4)
2:m1:(2,1)
3:m2:(2,3)
4:m3:(2,0)
5:m4:(2,2)
6:m5:(2,4)
7:m6:(2,1)
8:m7:(2,3)
9:m8:(2,0)
10:K#k3#(11,4)
11:m1:(11,0)
12:m2:(11,1)
13:S#s4#(0,1)
14:m1:(0,2)
15:m2:(1,2)
16:m3:(1,1)
17:m4:(1,0)
18:m5:(0,0)
19:m6:(11,0)
20:m7:(11,1)
21:m8:(11,2)
22:m9:(11,3)
23:m10:(0,3)
24:m11:(1,3)
25:m12:(2,3)
26:m13:(2,2)
27:m14:(2,1)
28:m15:(2,0)
1:H#h4#(2,4)
2:m1:(2,1)
3:m2:(2,3)
4:m3:(2,0)
5:m4:(2,2)
6:m5:(2,4)
7:m6:(2,1)
8:m7:(2,3)
9:m8:(2,0)
10:K#k3#(11,4)
11:m1:(11,0)
12:m2:(11,1)
13:S#s4#(10,1)
14:m1:(11,1)
15:m2:(11,0)
16:m3:(10,0)
17:m4:(9,0)
18:m5:(9,1)
19:m6:(9,2)
20:m7:(9,1)
21:m8:(9,0)
22:m9:(9,4)
23:m10:(8,4)
24:m11:(7,4)
25:m12:(6,4)
26:m13:(6,0)
27:m14:(6,1)
28:m15:(6,2)
29:H#h4#(2,0)
30:m1:(2,2)
31:m2:(2,4)
32:m3:(2,1)
33:m4:(2,3)
34:m5:(2,0)
35:m6:(2,2)
36:m7:(2,4)
37:m8:(2,1)
38:S#s4#(6,2)
39:m1:(6,3)
40:m2:(7,3)
41:m3:(6,3)
42:m4:(5,3)
43:m5:(5,4)
44:m6:(5,0)
45:m7:(6,0)
46:m8:(7,0)
47:m9:(8,0)
48:m10:(8,4)
49:m11:(8,3)
50:m12:(8,2)
51:m13:(8,3)
52:m14:(8,4)
53:m15:(8,0)
54:H#h4#(2,1)
55:m1:(2,3)
56:m2:(2,0)
57:m3:(2,2)
58:m4:(2,4)
59:S#s4#(8,0)
60:m1:(8,1)
61:m2:(9,1)
62:m3:(8,0)
63:m4:(7,0)
64:m5:(7,1)
65:m6:(8,1)
66:m7:(8,0)
67:m8:(8,4)
68:m9:(8,3)
69:m10:(7,3)
70:m11:(6,3)
71:m12:(5,3)
72:m13:(5,4)
73:m14:(5,0)
74:H#h4#(2,4)
75:m1:(2,1)
76:m2:(2,3)
77:m3:(2,0)
78:m4:(2,2)
79:S#s4#(5,0)
80:m1:(5,1)
81:m2:(6,1)
82:m3:(6,0)
83:m4:(6,4)
84:m5:(5,4)
85:m6:(4,4)
86:m7:(4,0)
87:H#h4#(2,2)
88:m1:(2,4)
89:m2:(2,1)
90:m3:(2,3)
91:m4:(2,0)
1:H#h4#(2,4)
2:m1:(2,1)
3:m2:(2,3)
4:m3:(2,0)
5:m4:(2,2)
6:m5:(2,4)
7:m6:(2,1)
8:m7:(2,3)
9:m8:(2,0)
10:K#k3#(11,4)
11:m1:(11,0)
12:m2:(11,1)
13:S#s4#(0,1)
14:m1:(0,2)
15:m2:(1,2)
16:m3:(1,1)
17:m4:(1,0)
18:m5:(0,0)
19:m6:(11,0)
20:m7:(11,1)
21:H#h4#(2,0)
22:m1:(2,2)
23:m2:(2,4)
24:m3:(2,1)
25:m4:(2,3)
26:m5:(2,0)
27:m6:(2,2)
28:m7:(2,4)
29:m8:(2,1)
30:K#k3#(11,1)
31:m1:(11,2)
32:m2:(11,3)
1:H#h4#(2,4)
2:m1:(2,1)
3:m2:(2,3)
4:m3:(2,0)
5:m4:(2,2)
6:m5:(2,4)
7:m6:(2,1)
8:m7:(2,3)
9:m8:(2,0)
10:K#k3#(11,4)
11:m1:(11,0)
12:m2:(11,1)
13:S#s4#(0,1)
14:m1:(0,2)
15:m2:(1,2)
16:m3:(1,1)
17:m4:(1,0)
18:m5:(0,0)
19:m6:(11,0)
20:m7:(11,1)
21:H#h4#(2,0)
22:m1:(2,2)
23:m2:(2,4)
24:m3:(2,1)
25:m4:(2,3)
26:m5:(2,0)
27:m6:(2,2)
28:m7:(2,4)
29:m8:(2,1)
30:K#k3#(11,1)
31:m1:(11,2)
32:m2:(11,3)
33:H#h4#(2,1)
34:m1:(2,3)
35:m2:(2,0)
36:m3:(2,2)
37:m4:(2,4)
38:m5:(2,1)
39:m6:(2,3)
40:m7:(2,0)
41:m8:(2,2)
42:K#k3#(11,3)
43:m1:(11,4)
44:m2:(11,0)
1:H#h4#(2,4)
2:m1:(2,1)
3:m2:(2,3)
4:m3:(2,0)
5:m4:(2,2)
6:m5:(2,4)
7:m6:(2,1)
8:m7:(2,3)
9:m8:(2,0)
10:K#k3#(11,4)
11:m1:(11,0)
12:m2:(11,1)
13:S#s4#(0,1)
14:m1:(0,2)
15:m2:(1,2)
16:m3:(1,1)
17:m4:(1,0)
18:m5:(0,0)
19:m6:(11,0)
20:m7:(11,1)
21:H#h4#(2,0)
22:m1:(2,2)
23:m2:(2,4)
24:m3:(2,1)
25:m4:(2,3)
26:m5:(2,0)
27:m6:(2,2)
28:m7:(2,4)
29:m8:(2,1)
30:K#k3#(11,1)
31:m1:(11,2)
32:m2:(11,3)
1:H#h4#(2,4)
2:m1:(2,1)
3:m2:(2,3)
4:m3:(2,0)
5:m4:(2,2)
6:m5:(2,4)
7:m6:(2,1)
8:m7:(2,3)
9:m8:(2,0)
10:K#k3#(11,4)
11:m1:(11,0)
12:m2:(11,1)
13:S#s4#(0,1)
14:m1:(0,2)
15:m2:(1,2)
16:m3:(1,1)
17:m4:(1,0)
18:m5:(0,0)
19:m6:(11,0)
20:m7:(11,1)
21:H#h4#(2,0)
22:m1:(2,2)
23:m2:(2,4)
24:m3:(2,1)
25:m4:(2,3)
26:m5:(2,0)
27:m6:(2,2)
28:m7:(2,4)
29:m8:(2,1)
30:K#k3#(11,1)
31:m1:(11,2)
32:m2:(11,3)
1:H#h4#(2,4)
2:m1:(2,1)
3:m2:(2,3)
4:m3:(2,0)
5:m4:(2,2)
6:m5:(2,4)
7:m6:(2,1)
8:m7:(2,3)
9:m8:(2,0)
10:K#k3#(11,4)
11:m1:(11,0)
12:m2:(11,1)
13:S#s4#(10,1)
14:m1:(11,1)
15:m2:(11,0)
16:m3:(10,0)
17:m4:(9,0)
18:m5:(9,1)
19:m6:(9,2)
20:m7:(9,1)
21:m8:(9,0)
22:m9:(9,4)
23:m10:(8,4)
24:m11:(7,4)
25:m12:(6,4)
26:m13:(6,0)
27:m14:(6,1)
28:m15:(6,2)
1:H#h4#(2,4)
2:m1:(2,1)
3:m2:(2,3)
4:m3:(2,0)
5:m4:(2,2)
6:m5:(2,4)
7:m6:(2,1)
8:m7:(2,3)
9:m8:(2,0)
10:K#k3#(11,4)
11:m1:(11,0)
12:m2:(11,1)
13:S#s4#(0,1)
14:m1:(0,2)
15:m2:(1,2)
16:m3:(1,1)
17:m4:(1,0)
18:m5:(0,0)
19:m6:(11,0)
20:m7:(11,1)
21:H#h4#(2,0)
22:m1:(2,2)
23:m2:(2,4)
24:m3:(2,1)
25:m4:(2,3)
26:m5:(2,0)
27:m6:(2,2)
28:m7:(2,4)
29:m8:(2,1)
30:K#k3#(11,1)
31:m1:(11,2)
32:m2:(11,3)
33:H#h4#(2,1)
34:m1:(2,3)
35:m2:(2,0)
36:m3:(2,2)
37:m4:(2,4)
38:m5:(2,1)
39:m6:(2,3)
40:m7:(2,0)
41:m8:(2,2)
42:K#k3#(11,3)
43:m1:(11,4)
44:m2:(11,0)
1:H#h4#(2,4)
2:m1:(2,1)
3:m2:(2,3)
4:m3:(2,0)
5:m4:(2,2)
6:m5:(2,4)
7:m6:(2,1)
8:m7:(2,3)
9:m8:(2,0)
10:K#k3#(11,4)
11:m1:(11,0)
12:m2:(11,1)
13:S#s4#(0,1)
14:m1:(0,2)
15:m2:(1,2)
16:m3:(1,1)
17:m4:(1,0)
18:m5:(0,0)
19:m6:(11,0)
20:m7:(11,1)
1:H#h4#(2,4)
2:m1:(2,1)
3:m2:(2,3)
4:m3:(2,0)
5:m4:(2,2)
6:m5:(2,4)
7:m6:(2,1)
8:m7:(2,3)
9:m8:(2,0)
10:K#k3#(11,4)
11:m1:(11,0)
12:m2:(11,1)
13:S#s4#(0,1)
14:m1:(0,2)
15:m2:(1,2)
16:m3:(1,1)
17:m4:(1,0)
18:m5:(0,0)
19:m6:(11,0)
20:m7:(11,1)
21:H#h4#(2,0)
22:m1:(2,2)
23:m2:(2,4)
24:m3:(2,1)
25:m4:(2,3)
26:m5:(2,0)
27:m6:(2,2)
28:m7:(2,4)
29:m8:(2,1)
30:K#k3#(11,1)
31:m1:(11,2)
32:m2:(11,3)
33:H#h4#(2,1)
34:m1:(2,3)
35:m2:(2,0)
36:m3:(2,2)
37:m4:(2,4)
38:m5:(2,1)
39:m6:(2,3)
40:m7:(2,0)
41:m8:(2,2)
42:K#k3#(11,3)
43:m1:(11,4)
44:m2:(11,0)
45:H#h4#(2,2)
46:m1:(2,4)
47:m2:(2,1)
1:H#h4#(2,4)
2:m1:(2,1)
3:m2:(2,3)
4:m3:(2,0)
5:m4:(2,2)
6:m5:(2,4)
7:m6:(2,1)
8:m7:(2,3)
9:m8:(2,0)
10:K#k3#(11,4)
11:m1:(11,0)
12:m2:(11,1)
13:S#s4#(0,1)
14:m1:(0,2)
15:m2:(1,2)
16:m3:(1,1)
17:m4:(1,0)
18:m5:(0,0)
19:m6:(11,0)
20:m7:(11,1)
21:H#h4#(2,0)
22:m1:(2,2)
23:m2:(2,4)
24:m3:(2,1)
25:m4:(2,3)
26:m5:(2,0)
27:m6:(2,2)
28:m7:(2,4)
29:m8:(2,1)
30:K#k3#(11,1)
31:m1:(11,2)
32:m2:(11,3)
33:H#h4#(2,1)
34:m1:(2,3)
35:m2:(2,0)
36:m3:(2,2)
37:m4:(2,4)
38:m5:(2,1)
39:m6:(2,3)
40:m7:(2,0)
41:m8:(2,2)
42:K#k3#(11,3)
43:m1:(11,4)
44:m2:(11,0)
45:H#h4#(2,2)
46:m1:(2,4)
47:m2:(2,1)
1:H#h4#(2,4)
2:m1:(2,1)
3:m2:(2,3)
4:m3:(2,0)
5:m4:(2,2)
6:m5:(2,4)
7:m6:(2,1)
8:m7:(2,3)
9:m8:(2,0)
10:K#k3#(11,4)
11:m1:(11,0)
12:m2:(11,1)
13:S#s4#(0,1)
14:m1:(0,2)
15:m2:(1,2)
16:m3:(1,1)
17:m4:(1,0)
18:m5:(0,0)
19:m6:(11,0)
20:m7:(11,1)
21:H#h4#(2,0)
22:m1:(2,2)
23:m2:(2,4)
24:m3:(2,1)
25:m4:(2,3)
26:m5:(2,0)
27:m6:(2,2)
28:m7:(2,4)
29:m8:(2,1)
30:K#k3#(11,1)
31:m1:(11,2)
32:m2:(11,3)
33:H#h4#(2,1)
34:m1:(2,3)
35:m2:(2,0)
36:m3:(2,2)
37:m4:(2,4)
38:m5:(2,1)
39:m6:(2,3)
40:m7:(2,0)
41:m8:(2,2)
42:K#k3#(11,3)
43:m1:(11,4)
44:m2:(11,0)
45:H#h4#(2,2)
46:m1:(2,4)
47:m2:(2,1)
1:H#h4#(2,4)
2:m1:(2,1)
3:m2:(2,3)
4:m3:(2,0)
5:m4:(2,2)
6:m5:(2,4)
7:m6:(2,1)
8:m7:(2,3)
9:m8:(2,0)
10:K#k3#(11,4)
11:m1:(11,0)
12:m2:(11,1)
13:S#s4#(0,1)
14:m1:(0,2)
15:m2:(1,2)
16:m3:(1,1)
17:m4:(1,0)
18:m5:(0,0)
19:m6:(11,0)
20:m7:(11,1)
21:H#h4#(2,0)
22:m1:(2,2)
23:m2:(2,4)
24:m3:(2,1)
25:m4:(2,3)
26:m5:(2,0)
27:m6:(2,2)
28:m7:(2,4)
29:m8:(2,1)
30:K#k3#(11,1)
31:m1:(11,2)
32:m2:(11,3)
33:H#h4#(2,1)
34:m1:(2,3)
35:m2:(2,0)
36:m3:(2,2)
37:m4:(2,4)
38:m5:(2,1)
39:m6:(2,3)
40:m7:(2,0)
41:m8:(2,2)
42:K#k3#(11,3)
43:m1:(11,4)
44:m2:(11,0)
45:H#h4#(2,2)
46:m1:(2,4)
47:m2:(2,1)
1:H#h4#(2,4)
2:m1:(2,1)
3:m2:(2,3)
4:m3:(2,0)
5:m4:(2,2)
6:m5:(2,4)
7:m6:(2,1)
8:m7:(2,3)
9:m8:(2,0)
10:K#k3#(11,4)
11:m1:(11,0)
12:m2:(11,1)
13:S#s4#(0,1)
14:m1:(0,2)
15:m2:(1,2)
16:m3:(1,1)
17:m4:(1,0)
18:m5:(0,0)
19:m6:(11,0)
20:m7:(11,1)
21:H#h4#(2,0)
22:m1:(2,2)
23:m2:(2,4)
24:m3:(2,1)
25:m4:(2,3)
26:m5:(2,0)
27:m6:(2,2)
28:m7:(2,4)
29:m8:(2,1)
30:K#k3#(11,1)
31:m1:(11,2)
32:m2:(11,3)
33:H#h4#(2,1)
34:m1:(2,3)
35:m2:(2,0)
36:m3:(2,2)
37:m4:(2,4)
38:m5:(2,1)
39:m6:(2,3)
40:m7:(2,0)
41:m8:(2,2)
42:K#k3#(11,3)
43:m1:(11,4)
44:m2:(11,0)
45:H#h4#(2,2)
46:m1:(2,4)
47:m2:(2,1)
1:H#h4#(2,4)
2:m1:(2,1)
3:m2:(2,3)
4:m3:(2,0)
5:m4:(2,2)
6:m5:(2,4)
7:m6:(2,1)
8:m7:(2,3)
9:m8:(2,0)
10:K#k3#(11,4)
11:m1:(11,0)
12:m2:(11,1)
13:S#s4#(0,1)
14:m1:(0,2)
15:m2:(1,2)
16:m3:(1,1)
17:m4:(1,0)
18:m5:(0,0)
19:m6:(11,0)
20:m7:(11,1)
21:H#h4#(2,0)
22:m1:(2,2)
23:m2:(2,4)
24:m3:(2,1)
25:m4:(2,3)
26:m5:(2,0)
27:m6:(2,2)
28:m7:(2,4)
29:m8:(2,1)
30:K#k3#(11,1)
31:m1:(11,2)
32:m2:(11,3)
33:H#h4#(2,1)
34:m1:(2,3)
35:m2:(2,0)
36:m3:(2,2)
37:m4:(2,4)
38:m5:(2,1)
39:m6:(2,3)
40:m7:(2,0)
41:m8:(2,2)
42:K#k3#(11,3)
43:m1:(11,4)
44:m2:(11,0)
45:H#h4#(2,2)
46:m1:(2,4)
47:m2:(2,1)
1:H#h4#(2,4)
2:m1:(2,1)
3:m2:(2,3)
4:m3:(2,0)
5:m4:(2,2)
6:m5:(2,4)
7:m6:(2,1)
8:m7:(2,3)
9:m8:(2,0)
10:K#k3#(11,4)
11:m1:(11,0)
12:m2:(11,1)
13:S#s4#(0,1)
14:m1:(0,2)
15:m2:(1,2)
16:m3:(1,1)
17:m4:(1,0)
18:m5:(0,0)
19:m6:(11,0)
20:m7:(11,1)
21:H#h4#(2,0)
22:m1:(2,2)
23:m2:(2,4)
24:m3:(2,1)
25:m4:(2,3)
26:m5:(2,0)
27:m6:(2,2)
28:m7:(2,4)
29:m8:(2,1)
30:K#k3#(11,1)
31:m1:(11,2)
32:m2:(11,3)
33:H#h4#(2,1)
34:m1:(2,3)
35:m2:(2,0)
36:m3:(2,2)
37:m4:(2,4)
38:m5:(2,1)
39:m6:(2,3)
40:m7:(2,0)
41:m8:(2,2)
42:K#k3#(11,3)
43:m1:(11,4)
44:m2:(11,0)
45:H#h4#(2,2)
46:m1:(2,4)
47:m2:(2,1)
1:H#h4#(2,4)
2:m1:(2,1)
3:m2:(2,3)
4:m3:(2,0)
5:m4:(2,2)
6:m5:(2,4)
7:m6:(2,1)
8:m7:(2,3)
9:m8:(2,0)
10:K#k3#(11,4)
11:m1:(11,0)
12:m2:(11,1)
13:S#s4#(0,1)
14:m1:(0,2)
15:m2:(1,2)
16:m3:(1,1)
17:m4:(1,0)
18:m5:(0,0)
19:m6:(11,0)
20:m7:(11,1)
21:H#h4#(2,0)
22:m1:(2,2)
23:m2:(2,4)
24:m3:(2,1)
25:m4:(2,3)
26:m5:(2,0)
27:m6:(2,2)
28:m7:(2,4)
29:m8:(2,1)
30:K#k3#(11,1)
31:m1:(11,2)
32:m2:(11,3)
33:H#h4#(2,1)
34:m1:(2,3)
35:m2:(2,0)
36:m3:(2,2)
37:m4:(2,4)
38:m5:(2,1)
39:m6:(2,3)
40:m7:(2,0)
41:m8:(2,2)
42:K#k3#(11,3)
43:m1:(11,4)
44:m2:(11,0)
45:H#h4#(2,2)
46:m1:(2,4)
47:m2:(2,1)
1:H#h4#(2,4)
2:m1:(2,1)
3:m2:(2,3)
4:m3:(2,0)
5:m4:(2,2)
6:m5:(2,4)
7:m6:(2,1)
8:m7:(2,3)
9:m8:(2,0)
10:K#k3#(11,4)
11:m1:(11,0)
12:m2:(11,1)
13:S#s4#(0,1)
14:m1:(0,2)
15:m2:(1,2)
16:m3:(1,1)
17:m4:(1,0)
18:m5:(0,0)
19:m6:(11,0)
20:m7:(11,1)
21:H#h4#(2,0)
22:m1:(2,2)
23:m2:(2,4)
24:m3:(2,1)
25:m4:(2,3)
26:m5:(2,0)
27:m6:(2,2)
28:m7:(2,4)
29:m8:(2,1)
30:K#k3#(11,1)
31:m1:(11,2)
32:m2:(11,3)
33:H#h4#(2,1)
34:m1:(2,3)
35:m2:(2,0)
36:m3:(2,2)
37:m4:(2,4)
38:m5:(2,1)
39:m6:(2,3)
40:m7:(2,0)
41:m8:(2,2)
42:K#k3#(11,3)
43:m1:(11,4)
44:m2:(11,0)
45:H#h4#(2,2)
46:m1:(2,4)
47:m2:(2,1)
1:H#h4#(2,4)
2:m1:(2,1)
3:m2:(2,3)
4:m3:(2,0)
5:m4:(2,2)
6:m5:(2,4)
7:m6:(2,1)
8:m7:(2,3)
9:m8:(2,0)
10:K#k3#(11,4)
11:m1:(11,0)
12:m2:(11,1)
13:S#s4#(0,1)
14:m1:(0,2)
15:m2:(1,2)
16:m3:(1,1)
17:m4:(1,0)
18:m5:(0,0)
19:m6:(11,0)
20:m7:(11,1)
21:H#h4#(2,0)
22:m1:(2,2)
23:m2:(2,4)
24:m3:(2,1)
25:m4:(2,3)
26:m5:(2,0)
27:m6:(2,2)
28:m7:(2,4)
29:m8:(2,1)
30:K#k3#(11,1)
31:m1:(11,2)
32:m2:(11,3)
33:H#h4#(2,1)
34:m1:(2,3)
35:m2:(2,0)
36:m3:(2,2)
37:m4:(2,4)
38:m5:(2,1)
39:m6:(2,3)
40:m7:(2,0)
41:m8:(2,2)
42:K#k3#(11,3)
43:m1:(11,4)
44:m2:(11,0)
45:H#h4#(2,2)
46:m1:(2,4)
47:m2:(2,1)
1:H#h4#(2,4)
2:m1:(2,1)
3:m2:(2,3)
4:m3:(2,0)
5:m4:(2,2)
6:m5:(2,4)
7:m6:(2,1)
8:m7:(2,3)
9:m8:(2,0)
10:K#k3#(11,4)
11:m1:(11,0)
12:m2:(11,1)
13:S#s4#(0,1)
14:m1:(0,2)
15:m2:(1,2)
16:m3:(1,1)
17:m4:(1,0)
18:m5:(0,0)
19:m6:(11,0)
20:m7:(11,1)
21:H#h4#(2,0)
22:m1:(2,2)
23:m2:(2,4)
24:m3:(2,1)
25:m4:(2,3)
26:m5:(2,0)
27:m6:(2,2)
28:m7:(2,4)
29:m8:(2,1)
30:K#k3#(11,1)
31:m1:(11,2)
32:m2:(11,3)
33:H#h4#(2,1)
34:m1:(2,3)
35:m2:(2,0)
36:m3:(2,2)
37:m4:(2,4)
38:m5:(2,1)
39:m6:(2,3)
40:m7:(2,0)
41:m8:(2,2)
42:K#k3#(11,3)
43:m1:(11,4)
44:m2:(11,0)
45:H#h4#(2,2)
46:m1:(2,4)
47:m2:(2,1)
1:H#h4#(2,4)
2:m1:(2,1)
3:m2:(2,3)
4:m3:(2,0)
5:m4:(2,2)
6:m5:(2,4)
7:m6:(2,1)
8:m7:(2,3)
9:m8:(2,0)
10:K#k3#(11,4)
11:m1:(11,0)
12:m2:(11,1)
13:S#s4#(0,1)
14:m1:(0,2)
15:m2:(1,2)
16:m3:(1,1)
17:m4:(1,0)
18:m5:(0,0)
19:m6:(11,0)
20:m7:(11,1)
21:H#h4#(2,0)
22:m1:(2,2)
23:m2:(2,4)
24:m3:(2,1)
25:m4:(2,3)
26:m5:(2,0)
27:m6:(2,2)
28:m7:(2,4)
29:m8:(2,1)
30:K#k3#(11,1)
31:m1:(11,2)
32:m2:(11,3)
33:H#h4#(2,1)
34:m1:(2,3)
35:m2:(2,0)
36:m3:(2,2)
37:m4:(2,4)
38:m5:(2,1)
39:m6:(2,3)
40:m7:(2,0)
41:m8:(2,2)
42:K#k3#(11,3)
43:m1:(11,4)
44:m2:(11,0)
45:H#h4#(2,2)
46:m1:(2,4)
47:m2:(2,1)
1:H#h4#(2,4)
2:m1:(2,1)
3:m2:(2,3)
4:m3:(2,0)
5:m4:(2,2)
6:m5:(2,4)
7:m6:(2,1)
8:m7:(2,3)
9:m8:(2,0)
10:K#k3#(11,4)
11:m1:(11,0)
12:m2:(11,1)
13:S#s4#(0,1)
14:m1:(0,2)
15:m2:(1,2)
16:m3:(1,1)
17:m4:(1,0)
18:m5:(0,0)
19:m6:(11,0)
20:m7:(11,1)
21:H#h4#(2,0)
22:m1:(2,2)
23:m2:(2,4)
24:m3:(2,1)
25:m4:(2,3)
26:m5:(2,0)
27:m6:(2,2)
28:m7:(2,4)
29:m8:(2,1)
30:K#k3#(11,1)
31:m1:(11,2)
32:m2:(11,3)
33:H#h4#(2,1)
34:m1:(2,3)
35:m2:(2,0)
36:m3:(2,2)
37:m4:(2,4)
38:m5:(2,1)
39:m6:(2,3)
40:m7:(2,0)
41:m8:(2,2)
42:K#k3#(11,3)
43:m1:(11,4)
44:m2:(11,0)
45:H#h4#(2,2)
46:m1:(2,4)
47:m2:(2,1)
1:H#h4#(2,4)
2:m1:(2,1)
3:m2:(2,3)
4:m3:(2,0)
5:m4:(2,2)
6:m5:(2,4)
7:m6:(2,1)
8:m7:(2,3)
9:m8:(2,0)
10:K#k3#(11,4)
11:m1:(11,0)
12:m2:(11,1)
13:S#s4#(0,1)
14:m1:(0,2)
15:m2:(1,2)
16:m3:(1,1)
17:m4:(1,0)
18:m5:(0,0)
19:m6:(11,0)
20:m7:(11,1)
21:H#h4#(2,0)
22:m1:(2,2)
23:m2:(2,4)
24:m3:(2,1)
25:m4:(2,3)
26:m5:(2,0)
27:m6:(2,2)
28:m7:(2,4)
29:m8:(2,1)
30:K#k3#(11,1)
31:m1:(11,2)
32:m2:(11,3)
33:H#h4#(2,1)
34:m1:(2,3)
35:m2:(2,0)
36:m3:(2,2)
37:m4:(2,4)
38:m5:(2,1)
39:m6:(2,3)
40:m7:(2,0)
41:m8:(2,2)
42:K#k3#(11,3)
43:m1:(11,4)
44:m2:(11,0)
45:H#h4#(2,2)
46:m1:(2,4)
47:m2:(2,1)
1:H#h4#(2,4)
2:m1:(2,1)
3:m2:(2,3)
4:m3:(2,0)
5:m4:(2,2)
6:m5:(2,4)
7:m6:(2,1)
8:m7:(2,3)
9:m8:(2,0)
10:K#k3#(11,4)
11:m1:(11,0)
12:m2:(11,1)
13:S#s4#(0,1)
14:m1:(0,2)
15:m2:(1,2)
16:m3:(1,1)
17:m4:(1,0)
18:m5:(0,0)
19:m6:(11,0)
20:m7:(11,1)
21:H#h4#(2,0)
22:m1:(2,2)
23:m2:(2,4)
24:m3:(2,1)
25:m4:(2,3)
26:m5:(2,0)
27:m6:(2,2)
28:m7:(2,4)
29:m8:(2,1)
30:K#k3#(11,1)
31:m1:(11,2)
32:m2:(11,3)
33:H#h4#(2,1)
34:m1:(2,3)
35:m2:(2,0)
36:m3:(2,2)
37:m4:(2,4)
38:m5:(2,1)
39:m6:(2,3)
40:m7:(2,0)
41:m8:(2,2)
42:K#k3#(11,3)
43:m1:(11,4)
44:m2:(11,0)
45:H#h4#(2,2)
46:m1:(2,4)
47:m2:(2,1)
48:m3:(2,3)
49:m4:(2,0)
50:m5:(2,2)
51:m6:(2,4)
52:m7:(2,1)
53:m8:(2,3)
54:K#k3#(11,0)
55:m1:(11,1)
56:m2:(11,2)
57:H#h4#(2,3)
58:m1:(2,0)
59:m2:(2,2)
60:m3:(2,4)
61:m4:(2,1)
62:m5:(2,3)
63:m6:(2,0)
64:m7:(2,2)
65:m8:(2,4)
66:K#k3#(11,2)
67:m1:(11,3)
68:m2:(11,4)
69:H#h4#(2,4)
70:m1:(2,1)
71:m2:(2,3)
72:m3:(2,0)
73:m4:(2,2)
74:m5:(2,4)
75:m6:(2,1)
76:m7:(2,3)
77:m8:(2,0)
78:K#k3#(11,4)
79:m1:(11,0)
80:m2:(11,1)
81:H#h4#(2,0)
82:m1:(2,2)
83:m2:(2,4)
84:m3:(2,1)
85:m4:(2,3)
86:m5:(2,0)
87:m6:(2,2)
88:m7:(2,4)
89:m8:(2,1)
90:K#k3#(11,1)
91:m1:(11,2)
92:m2:(11,3)
93:H#h4#(2,1)
94:m1:(2,3)
95:m2:(2,0)
96:m3:(2,2)
97:m4:(2,4)
98:m5:(2,1)
99:m6:(2,3)
100:m7:(2,0)
101:m8:(2,2)
102:K#k3#(11,3)
103:m1:(11,4)
104:m2:(11,0)
105:H#h4#(2,2)
106:m1:(2,4)
107:m2:(2,1)
108:m3:(2,3)
109:m4:(2,0)
110:m5:(2,2)
111:m6:(2,4)
112:m7:(2,1)
113:m8:(2,3)
114:K#k3#(11,0)
115:m1:(11,1)
116:m2:(11,2)
117:H#h4#(2,3)
118:m1:(2,0)
119:m2:(2,2)
120:m3:(2,4)
121:m4:(2,1)
122:m5:(2,3)
123:m6:(2,0)
124:m7:(2,2)
125:m8:(2,4)
126:K#k3#(11,2)
127:m1:(11,3)
128:m2:(11,4)
129:H#h4#(2,4)
130:m1:(2,1)
131:m2:(2,3)
132:m3:(2,0)
133:m4:(2,2)
134:m5:(2,4)
135:m6:(2,1)
136:m7:(2,3)
137:m8:(2,0)
1:H#h4#(2,4)
2:m1:(2,1)
3:m2:(2,3)
4:m3:(2,0)
5:m4:(2,2)
6:m5:(2,4)
7:m6:(2,1)
8:m7:(2,3)
9:m8:(2,0)
10:K#k3#(11,4)
11:m1:(11,0)
12:m2:(11,1)
13:S#s4#(0,1)
14:m1:(0,2)
15:m2:(1,2)
16:m3:(1,1)
17:m4:(1,0)
18:m5:(0,0)
19:m6:(11,0)
20:m7:(11,1)
21:H#h4#(2,0)
22:m1:(2,2)
23:m2:(2,4)
24:m3:(2,1)
25:m4:(2,3)
26:m5:(2,0)
27:m6:(2,2)
28:m7:(2,4)
29:m8:(2,1)
30:K#k3#(11,1)
31:m1:(11,2)
32:m2:(11,3)
33:H#h4#(2,1)
34:m1:(2,3)
35:m2:(2,0)
36:m3:(2,2)
37:m4:(2,4)
38:m5:(2,1)
39:m6:(2,3)
40:m7:(2,0)
41:m8:(2,2)
42:K#k3#(11,3)
43:m1:(11,4)
44:m2:(11,0)
45:H#h4#(2,2)
46:m1:(2,4)
47:m2:(2,1)
1:H#h4#(2,4)
2:m1:(2,1)
3:m2:(2,3)
4:m3:(2,0)
5:m4:(2,2)
6:m5:(2,4)
7:m6:(2,1)
8:m7:(2,3)
9:m8:(2,0)
10:K#k3#(11,4)
11:m1:(11,0)
12:m2:(11,1)
13:S#s4#(0,1)
14:m1:(0,2)
15:m2:(1,2)
16:m3:(1,1)
17:m4:(1,0)
18:m5:(0,0)
19:m6:(11,0)
20:m7:(11,1)
21:H#h4#(2,0)
22:m1:(2,2)
23:m2:(2,4)
24:m3:(2,1)
25:m4:(2,3)
26:m5:(2,0)
27:m6:(2,2)
28:m7:(2,4)
29:m8:(2,1)
30:K#k3#(11,1)
31:m1:(11,2)
32:m2:(11,3)
33:H#h4#(2,1)
34:m1:(2,3)
35:m2:(2,0)
36:m3:(2,2)
37:m4:(2,4)
38:m5:(2,1)
39:m6:(2,3)
40:m7:(2,0)
41:m8:(2,2)
42:K#k3#(11,3)
43:m1:(11,4)
44:m2:(11,0)
45:H#h4#(2,2)
46:m1:(2,4)
47:m2:(2,1)
1:H#h4#(2,4)
2:m1:(2,1)
3:m2:(2,3)
4:m3:(2,0)
5:m4:(2,2)
6:m5:(2,4)
7:m6:(2,1)
8:m7:(2,3)
9:m8:(2,0)
10:K#k3#(11,4)
11:m1:(11,0)
12:m2:(11,1)
13:S#s4#(0,1)
14:m1:(0,2)
15:m2:(1,2)
16:m3:(1,1)
17:m4:(1,0)
18:m5:(0,0)
19:m6:(11,0)
20:m7:(11,1)
21:H#h4#(2,0)
22:m1:(2,2)
23:m2:(2,4)
24:m3:(2,1)
25:m4:(2,3)
26:m5:(2,0)
27:m6:(2,2)
28:m7:(2,4)
29:m8:(2,1)
30:K#k3#(11,1)
31:m1:(11,2)
32:m2:(11,3)
33:H#h4#(2,1)
34:m1:(2,3)
35:m2:(2,0)
36:m3:(2,2)
37:m4:(2,4)
38:m5:(2,1)
39:m6:(2,3)
40:m7:(2,0)
41:m8:(2,2)
42:K#k3#(11,3)
43:m1:(11,4)
44:m2:(11,0)
45:H#h4#(2,2)
46:m1:(2,4)
47:m2:(2,1)
1:H#h4#(2,4)
2:m1:(2,1)
3:m2:(2,3)
4:m3:(2,0)
5:m4:(2,2)
6:m5:(2,4)
7:m6:(2,1)
8:m7:(2,3)
9:m8:(2,0)
10:K#k3#(11,4)
11:m1:(11,0)
12:m2:(11,1)
13:S#s4#(0,1)
14:m1:(0,2)
15:m2:(1,2)
16:m3:(1,1)
17:m4:(1,0)
18:m5:(0,0)
19:m6:(11,0)
20:m7:(11,1)
21:H#h4#(2,0)
22:m1:(2,2)
23:m2:(2,4)
24:m3:(2,1)
25:m4:(2,3)
26:m5:(2,0)
27:m6:(2,2)
28:m7:(2,4)
29:m8:(2,1)
30:K#k3#(11,1)
31:m1:(11,2)
32:m2:(11,3)
33:H#h4#(2,1)
34:m1:(2,3)
35:m2:(2,0)
36:m3:(2,2)
37:m4:(2,4)
38:m5:(2,1)
39:m6:(2,3)
40:m7:(2,0)
41:m8:(2,2)
42:K#k3#(11,3)
43:m1:(11,4)
44:m2:(11,0)
45:H#h4#(2,2)
46:m1:(2,4)
47:m2:(2,1)
1:H#h4#(2,4)
2:m1:(2,1)
3:m2:(2,3)
4:m3:(2,0)
5:m4:(2,2)
6:m5:(2,4)
7:m6:(2,1)
8:m7:(2,3)
9:m8:(2,0)
10:K#k3#(11,4)
11:m1:(11,0)
12:m2:(11,1)
13:S#s4#(0,1)
14:m1:(0,2)
15:m2:(1,2)
16:m3:(1,1)
17:m4:(1,0)
18:m5:(0,0)
19:m6:(11,0)
20:m7:(11,1)
21:H#h4#(2,0)
22:m1:(2,2)
23:m2:(2,4)
24:m3:(2,1)
25:m4:(2,3)
26:m5:(2,0)
27:m6:(2,2)
28:m7:(2,4)
29:m8:(2,1)
30:K#k3#(11,1)
31:m1:(11,2)
32:m2:(11,3)
33:H#h4#(2,1)
34:m1:(2,3)
35:m2:(2,0)
36:m3:(2,2)
37:m4:(2,4)
38:m5:(2,1)
39:m6:(2,3)
40:m7:(2,0)
41:m8:(2,2)
42:K#k3#(11,3)
43:m1:(11,4)
44:m2:(11,0)
45:H#h4#(2,2)
46:m1:(2,4)
47:m2:(2,1)
1:H#h4#(2,4)
2:m1:(2,1)
3:m2:(2,3)
4:m3:(2,0)
5:m4:(2,2)
6:m5:(2,4)
7:m6:(2,1)
8:m7:(2,3)
9:m8:(2,0)
10:K#k3#(11,4)
11:m1:(11,0)
12:m2:(11,1)
13:S#s4#(0,1)
14:m1:(0,2)
15:m2:(1,2)
16:m3:(1,1)
17:m4:(1,0)
18:m5:(0,0)
19:m6:(11,0)
20:m7:(11,1)
21:H#h4#(2,0)
22:m1:(2,2)
23:m2:(2,4)
24:m3:(2,1)
25:m4:(2,3)
26:m5:(2,0)
27:m6:(2,2)
28:m7:(2,4)
29:m8:(2,1)
30:K#k3#(11,1)
31:m1:(11,2)
32:m2:(11,3)
33:H#h4#(2,1)
34:m1:(2,3)
35:m2:(2,0)
36:m3:(2,2)
37:m4:(2,4)
38:m5:(2,1)
39:m6:(2,3)
40:m7:(2,0)
41:m8:(2,2)
42:K#k3#(11,3)
43:m1:(11,4)
44:m2:(11,0)
45:H#h4#(2,2)
46:m1:(2,4)
47:m2:(2,1)
1:H#h4#(2,4)
2:m1:(2,1)
3:m2:(2,3)
4:m3:(2,0)
5:m4:(2,2)
6:m5:(2,4)
7:m6:(2,1)
8:m7:(2,3)
9:m8:(2,0)
10:K#k3#(11,4)
11:m1:(11,0)
12:m2:(11,1)
13:S#s4#(0,1)
14:m1:(0,2)
15:m2:(1,2)
16:m3:(1,1)
17:m4:(1,0)
18:m5:(0,0)
19:m6:(11,0)
20:m7:(11,1)
21:H#h4#(2,0)
22:m1:(2,2)
23:m2:(2,4)
24:m3:(2,1)
25:m4:(2,3)
26:m5:(2,0)
27:m6:(2,2)
28:m7:(2,4)
29:m8:(2,1)
30:K#k3#(11,1)
31:m1:(11,2)
32:m2:(11,3)
33:H#h4#(2,1)
34:m1:(2,3)
35:m2:(2,0)
36:m3:(2,2)
37:m4:(2,4)
38:m5:(2,1)
39:m6:(2,3)
40:m7:(2,0)
41:m8:(2,2)
42:K#k3#(11,3)
43:m1:(11,4)
44:m2:(11,0)
45:H#h4#(2,2)
46:m1:(2,4)
47:m2:(2,1)
1:H#h4#(2,4)
2:m1:(2,1)
3:m2:(2,3)
4:m3:(2,0)
5:m4:(2,2)
6:m5:(2,4)
7:m6:(2,1)
8:m7:(2,3)
9:m8:(2,0)
10:K#k3#(11,4)
11:m1:(11,0)
12:m2:(11,1)
13:S#s4#(0,1)
14:m1:(0,2)
15:m2:(1,2)
16:m3:(1,1)
17:m4:(1,0)
18:m5:(0,0)
19:m6:(11,0)
20:m7:(11,1)
21:H#h4#(2,0)
22:m1:(2,2)
23:m2:(2,4)
24:m3:(2,1)
25:m4:(2,3)
26:m5:(2,0)
27:m6:(2,2)
28:m7:(2,4)
29:m8:(2,1)
30:K#k3#(11,1)
31:m1:(11,2)
32:m2:(11,3)
33:H#h4#(2,1)
34:m1:(2,3)
35:m2:(2,0)
36:m3:(2,2)
37:m4:(2,4)
38:m5:(2,1)
39:m6:(2,3)
40:m7:(2,0)
41:m8:(2,2)
42:K#k3#(11,3)
43:m1:(11,4)
44:m2:(11,0)
45:H#h4#(2,2)
46:m1:(2,4)
47:m2:(2,1)
1:H#h4#(2,4)
2:m1:(2,1)
3:m2:(2,3)
4:m3:(2,0)
5:m4:(2,2)
6:m5:(2,4)
7:m6:(2,1)
8:m7:(2,3)
9:m8:(2,0)
10:K#k3#(11,4)
11:m1:(11,0)
12:m2:(11,1)
13:S#s4#(0,1)
14:m1:(0,2)
15:m2:(1,2)
16:m3:(1,1)
17:m4:(1,0)
18:m5:(0,0)
19:m6:(11,0)
20:m7:(11,1)
21:H#h4#(2,0)
22:m1:(2,2)
23:m2:(2,4)
24:m3:(2,1)
25:m4:(2,3)
26:m5:(2,0)
27:m6:(2,2)
28:m7:(2,4)
29:m8:(2,1)
30:K#k3#(11,1)
31:m1:(11,2)
32:m2:(11,3)
33:H#h4#(2,1)
34:m1:(2,3)
35:m2:(2,0)
36:m3:(2,2)
37:m4:(2,4)
38:m5:(2,1)
39:m6:(2,3)
40:m7:(2,0)
41:m8:(2,2)
42:K#k3#(11,3)
43:m1:(11,4)
44:m2:(11,0)
45:H#h4#(2,2)
46:m1:(2,4)
47:m2:(2,1)
1:H#h4#(2,4)
2:m1:(2,1)
3:m2:(2,3)
4:m3:(2,0)
5:m4:(2,2)
6:m5:(2,4)
7:m6:(2,1)
8:m7:(2,3)
9:m8:(2,0)
10:K#k3#(11,4)
11:m1:(11,0)
12:m2:(11,1)
13:S#s4#(0,1)
14:m1:(0,2)
15:m2:(1,2)
16:m3:(1,1)
17:m4:(1,0)
18:m5:(0,0)
19:m6:(11,0)
20:m7:(11,1)
21:H#h4#(2,0)
22:m1:(2,2)
23:m2:(2,4)
24:m3:(2,1)
25:m4:(2,3)
26:m5:(2,0)
27:m6:(2,2)
28:m7:(2,4)
29:m8:(2,1)
30:K#k3#(11,1)
31:m1:(11,2)
32:m2:(11,3)
33:H#h4#(2,1)
34:m1:(2,3)
35:m2:(2,0)
36:m3:(2,2)
37:m4:(2,4)
38:m5:(2,1)
39:m6:(2,3)
40:m7:(2,0)
41:m8:(2,2)
42:K#k3#(11,3)
43:m1:(11,4)
44:m2:(11,0)
45:H#h4#(2,2)
46:m1:(2,4)
47:m2:(2,1)
1:H#h4#(2,4)
2:m1:(2,1)
3:m2:(2,3)
4:m3:(2,0)
5:m4:(2,2)
6:m5:(2,4)
7:m6:(2,1)
8:m7:(2,3)
9:m8:(2,0)
10:K#k3#(11,4)
11:m1:(11,0)
12:m2:(11,1)
13:S#s4#(0,1)
14:m1:(0,2)
15:m2:(1,2)
16:m3:(1,1)
17:m4:(1,0)
18:m5:(0,0)
19:m6:(11,0)
20:m7:(11,1)
21:H#h4#(2,0)
22:m1:(2,2)
23:m2:(2,4)
24:m3:(2,1)
25:m4:(2,3)
26:m5:(2,0)
27:m6:(2,2)
28:m7:(2,4)
29:m8:(2,1)
30:K#k3#(11,1)
31:m1:(11,2)
32:m2:(11,3)
33:H#h4#(2,1)
34:m1:(2,3)
35:m2:(2,0)
36:m3:(2,2)
37:m4:(2,4)
38:m5:(2,1)
39:m6:(2,3)
40:m7:(2,0)
41:m8:(2,2)
42:K#k3#(11,3)
43:m1:(11,4)
44:m2:(11,0)
45:H#h4#(2,2)
46:m1:(2,4)
47:m2:(2,1)
1:H#h4#(2,4)
2:m1:(2,1)
3:m2:(2,3)
4:m3:(2,0)
5:m4:(2,2)
6:m5:(2,4)
7:m6:(2,1)
8:m7:(2,3)
9:m8:(2,0)
10:K#k3#(11,4)
11:m1:(11,0)
12:m2:(11,1)
13:S#s4#(0,1)
14:m1:(0,2)
15:m2:(1,2)
16:m3:(1,1)
17:m4:(1,0)
18:m5:(0,0)
19:m6:(11,0)
20:m7:(11,1)
21:H#h4#(2,0)
22:m1:(2,2)
23:m2:(2,4)
24:m3:(2,1)
25:m4:(2,3)
26:m5:(2,0)
27:m6:(2,2)
28:m7:(2,4)
29:m8:(2,1)
30:K#k3#(11,1)
31:m1:(11,2)
32:m2:(11,3)
33:H#h4#(2,1)
34:m1:(2,3)
35:m2:(2,0)
36:m3:(2,2)
37:m4:(2,4)
38:m5:(2,1)
39:m6:(2,3)
40:m7:(2,0)
41:m8:(2,2)
42:K#k3#(11,3)
43:m1:(11,4)
44:m2:(11,0)
45:H#h4#(2,2)
46:m1:(2,4)
47:m2:(2,1)
48:m3:(2,3)
49:m4:(2,0)
50:m5:(2,2)
51:m6:(2,4)
52:m7:(2,1)
53:m8:(2,3)
54:K#k3#(11,0)
55:m1:(11,1)
56:m2:(11,2)
57:H#h4#(2,3)
58:m1:(2,0)
59:m2:(2,2)
60:m3:(2,4)
61:m4:(2,1)
62:m5:(2,3)
63:m6:(2,0)
64:m7:(2,2)
65:m8:(2,4)
66:K#k3#(11,2)
67:m1:(11,3)
68:m2:(11,4)
69:H#h4#(2,4)
70:m1:(2,1)
71:m2:(2,3)
72:m3:(2,0)
73:m4:(2,2)
74:m5:(2,4)
75:m6:(2,1)
76:m7:(2,3)
77:m8:(2,0)
78:K#k3#(11,4)
79:m1:(11,0)
80:m2:(11,1)
81:H#h4#(2,0)
82:m1:(2,2)
83:m2:(2,4)
84:m3:(2,1)
85:m4:(2,3)
86:m5:(2,0)
87:m6:(2,2)
88:m7:(2,4)
89:m8:(2,1)
90:K#k3#(11,1)
91:m1:(11,2)
92:m2:(11,3)
93:H#h4#(2,1)
94:m1:(2,3)
95:m2:(2,0)
96:m3:(2,2)
97:m4:(2,4)
98:m5:(2,1)
99:m6:(2,3)
100:m7:(2,0)
101:m8:(2,2)
102:K#k3#(11,3)
103:m1:(11,4)
104:m2:(11,0)
105:H#h4#(2,2)
106:m1:(2,4)
107:m2:(2,1)
108:m3:(2,3)
109:m4:(2,0)
110:m5:(2,2)
111:m6:(2,4)
112:m7:(2,1)
113:m8:(2,3)
114:K#k3#(11,0)
115:m1:(11,1)
116:m2:(11,2)
117:H#h4#(2,3)
118:m1:(2,0)
119:m2:(2,2)
120:m3:(2,4)
121:m4:(2,1)
122:m5:(2,3)
123:m6:(2,0)
124:m7:(2,2)
125:m8:(2,4)
126:K#k3#(11,2)
127:m1:(11,3)
128:m2:(11,4)
1:H#h4#(2,4)
2:m1:(2,1)
3:m2:(2,3)
4:m3:(2,0)
5:m4:(2,2)
6:m5:(2,4)
7:m6:(2,1)
8:m7:(2,3)
9:m8:(2,0)
10:K#k3#(11,4)
11:m1:(11,0)
12:m2:(11,1)
13:S#s4#(0,1)
14:m1:(0,2)
15:m2:(1,2)
16:m3:(1,1)
17:m4:(1,0)
18:m5:(0,0)
19:m6:(11,0)
20:m7:(11,1)
21:H#h4#(2,0)
22:m1:(2,2)
23:m2:(2,4)
24:m3:(2,1)
25:m4:(2,3)
26:m5:(2,0)
27:m6:(2,2)
28:m7:(2,4)
29:m8:(2,1)
30:K#k3#(11,1)
31:m1:(11,2)
32:m2:(11,3)
33:H#h4#(2,1)
34:m1:(2,3)
35:m2:(2,0)
36:m3:(2,2)
37:m4:(2,4)
38:m5:(2,1)
39:m6:(2,3)
40:m7:(2,0)
41:m8:(2,2)
42:K#k3#(11,3)
43:m1:(11,4)
44:m2:(11,0)
45:H#h4#(2,2)
46:m1:(2,4)
47:m2:(2,1)
1:H#h4#(2,4)
2:m1:(2,1)
3:m2:(2,3)
4:m3:(2,0)
5:m4:(2,2)
6:m5:(2,4)
7:m6:(2,1)
8:m7:(2,3)
9:m8:(2,0)
10:K#k3#(11,4)
11:m1:(11,0)
12:m2:(11,1)
13:S#s4#(0,1)
14:m1:(0,2)
15:m2:(1,2)
16:m3:(1,1)
17:m4:(1,0)
18:m5:(0,0)
19:m6:(11,0)
20:m7:(11,1)
21:H#h4#(2,0)
22:m1:(2,2)
23:m2:(2,4)
24:m3:(2,1)
25:m4:(2,3)
26:m5:(2,0)
27:m6:(2,2)
28:m7:(2,4)
29:m8:(2,1)
30:K#k3#(11,1)
31:m1:(11,2)
32:m2:(11,3)
33:H#h4#(2,1)
34:m1:(2,3)
35:m2:(2,0)
36:m3:(2,2)
37:m4:(2,4)
38:m5:(2,1)
39:m6:(2,3)
40:m7:(2,0)
41:m8:(2,2)
42:K#k3#(11,3)
43:m1:(11,4)
44:m2:(11,0)
45:H#h4#(2,2)
46:m1:(2,4)
47:m2:(2,1)
1:H#h4#(2,4)
2:m1:(2,1)
3:m2:(2,3)
4:m3:(2,0)
5:m4:(2,2)
6:m5:(2,4)
7:m6:(2,1)
8:m7:(2,3)
9:m8:(2,0)
10:K#k3#(11,4)
11:m1:(11,0)
12:m2:(11,1)
13:S#s4#(0,1)
14:m1:(0,2)
15:m2:(1,2)
16:m3:(1,1)
17:m4:(1,0)
18:m5:(0,0)
19:m6:(11,0)
20:m7:(11,1)
21:H#h4#(2,0)
22:m1:(2,2)
23:m2:(2,4)
24:m3:(2,1)
25:m4:(2,3)
26:m5:(2,0)
27:m6:(2,2)
28:m7:(2,4)
29:m8:(2,1)
30:K#k3#(11,1)
31:m1:(11,2)
32:m2:(11,3)
33:H#h4#(2,1)
34:m1:(2,3)
35:m2:(2,0)
36:m3:(2,2)
37:m4:(2,4)
38:m5:(2,1)
39:m6:(2,3)
40:m7:(2,0)
41:m8:(2,2)
42:K#k3#(11,3)
43:m1:(11,4)
44:m2:(11,0)
45:H#h4#(2,2)
46:m1:(2,4)
47:m2:(2,1)
1:H#h4#(2,4)
2:m1:(2,1)
3:m2:(2,3)
4:m3:(2,0)
5:m4:(2,2)
6:m5:(2,4)
7:m6:(2,1)
8:m7:(2,3)
9:m8:(2,0)
10:K#k3#(11,4)
11:m1:(11,0)
12:m2:(11,1)
13:S#s4#(0,1)
14:m1:(0,2)
15:m2:(1,2)
16:m3:(1,1)
17:m4:(1,0)
18:m5:(0,0)
19:m6:(11,0)
20:m7:(11,1)
21:H#h4#(2,0)
22:m1:(2,2)
23:m2:(2,4)
24:m3:(2,1)
25:m4:(2,3)
26:m5:(2,0)
27:m6:(2,2)
28:m7:(2,4)
29:m8:(2,1)
30:K#k3#(11,1)
31:m1:(11,2)
32:m2:(11,3)
33:H#h4#(2,1)
34:m1:(2,3)
35:m2:(2,0)
36:m3:(2,2)
37:m4:(2,4)
38:m5:(2,1)
39:m6:(2,3)
40:m7:(2,0)
41:m8:(2,2)
42:K#k3#(11,3)
43:m1:(11,4)
44:m2:(11,0)
45:H#h4#(2,2)
46:m1:(2,4)
47:m2:(2,1)
1:H#h4#(2,4)
2:m1:(2,1)
3:m2:(2,3)
4:m3:(2,0)
5:m4:(2,2)
6:m5:(2,4)
7:m6:(2,1)
8:m7:(2,3)
9:m8:(2,0)
10:K#k3#(11,4)
11:m1:(11,0)
12:m2:(11,1)
13:S#s4#(9,1)
14:m1:(9,2)
15:m2:(9,1)
16:m3:(8,1)
17:m4:(6,1)
18:m5:(6,2)
19:m6:(6,3)
20:m7:(7,3)
21:m8:(8,3)
22:m9:(9,3)
23:m10:(9,2)
24:m11:(9,1)
25:m12:(9,0)
26:m13:(8,0)
27:m14:(7,0)
28:H#h4#(2,0)
29:m1:(2,2)
30:m2:(2,4)
31:m3:(2,1)
32:m4:(2,3)
33:m5:(2,0)
34:m6:(2,2)
35:m7:(2,4)
36:m8:(2,1)
37:K#k3#(11,1)
38:m1:(11,2)
39:m2:(11,3)
40:S#s4#(7,0)
41:m1:(7,1)
42:m2:(8,1)
43:m3:(8,0)
44:m4:(8,4)
45:m5:(7,4)
46:m6:(6,4)
47:m7:(6,0)
48:m8:(6,1)
49:m9:(6,2)
50:m10:(6,1)
51:m11:(6,0)
52:m12:(6,4)
53:m13:(5,4)
54:m14:(4,4)
55:m15:(3,4)
